<?xml version="1.0" encoding="UTF-8"?>
<testsuite xmlns:xsi="http://www.w3.org/2001/XMLSchema-instance" xsi:noNamespaceSchemaLocation="https://maven.apache.org/surefire/maven-surefire-plugin/xsd/surefire-test-report.xsd" name="com.bhavya.AppTest" time="0.495" tests="2" errors="0" skipped="0" failures="0">
  <properties>
[...]
</properties>
  <testcase name="testlogin1" classname="com.bhavya.AppTest" time="0.014"/>
  <testcase name="testlogin2" classname="com.bhavya.AppTest" time="0.001"/>
</testsuite>