<?xml version="1.0" encoding="UTF-8"?>
<testng-results ignored="0" total="2" passed="2" failed="0" skipped="0">
  <reporter-output>
  </reporter-output>
  <suite started-at="2023-03-03T16:52:06 IST" name="Surefire suite" finished-at="2023-03-03T16:52:06 IST" duration-ms="54">
    <groups>
    </groups>
    <test started-at="2023-03-03T16:52:06 IST" name="Surefire test" finished-at="2023-03-03T16:52:06 IST" duration-ms="54">
      <class name="com.bhavya.AppTest">
        <test-method signature="testlogin1()[pri:0, instance:com.bhavya.AppTest@77e4c80f]" started-at="2023-03-03T16:52:06 IST" name="testlogin1" finished-at="2023-03-03T16:52:06 IST" duration-ms="12" status="PASS">
          <reporter-output>
          </reporter-output>
        </test-method> <!-- testlogin1 -->
        <test-method signature="testlogin2()[pri:0, instance:com.bhavya.AppTest@77e4c80f]" started-at="2023-03-03T16:52:06 IST" name="testlogin2" finished-at="2023-03-03T16:52:06 IST" duration-ms="0" status="PASS">
          <reporter-output>
          </reporter-output>
        </test-method> <!-- testlogin2 -->
      </class> <!-- com.bhavya.AppTest -->
    </test> <!-- Surefire test -->
  </suite> <!-- Surefire suite -->
</testng-results>
